[     197ms] [ERROR] Failed to load resource: the server responded with a status of 404 () @ https://ennoventure.com/7kDhnbte8YxId05armVX9sHEk.woff2:0
[     468ms] [ERROR] Failed to load resource: the server responded with a status of 404 () @ https://ennoventure.com/VFxKuywBgvsQntA1kYxP4aOsF1U.woff2:0
[    1652ms] [ERROR] Access to script at 'https://www.googletagmanager.com/gtm.js?id=%20GTM-PHFZGL6R' from origin 'https://ennoventure.com' has been blocked by CORS policy: No 'Access-Control-Allow-Origin' header is present on the requested resource. @ https://ennoventure.com/:0
[    1652ms] [ERROR] Failed to load resource: net::ERR_FAILED @ https://www.googletagmanager.com/gtm.js?id=%20GTM-PHFZGL6R:0
[    4637ms] [LOG] [Framer On-Page Editing] Unavailable because not on a `framer.app` subdomain and access status is no-auth @ https://app.framerstatic.com/editorbar.HHDGFXLR.mjs:0
[   13820ms] [WARNING] The resource https://ennoventure.com/7kDhnbte8YxId05armVX9sHEk.woff2 was preloaded using link preload but not used within a few seconds from the window's load event. Please make sure it has an appropriate `as` value and it is preloaded intentionally. @ https://ennoventure.com/:0
[   13820ms] [WARNING] The resource https://ennoventure.com/VFxKuywBgvsQntA1kYxP4aOsF1U.woff2 was preloaded using link preload but not used within a few seconds from the window's load event. Please make sure it has an appropriate `as` value and it is preloaded intentionally. @ https://ennoventure.com/:0
[   18100ms] [WARNING] The resource https://ennoventure.com/7kDhnbte8YxId05armVX9sHEk.woff2 was preloaded using link preload but not used within a few seconds from the window's load event. Please make sure it has an appropriate `as` value and it is preloaded intentionally. @ https://ennoventure.com/:0
[   18100ms] [WARNING] The resource https://ennoventure.com/VFxKuywBgvsQntA1kYxP4aOsF1U.woff2 was preloaded using link preload but not used within a few seconds from the window's load event. Please make sure it has an appropriate `as` value and it is preloaded intentionally. @ https://ennoventure.com/:0
[   22247ms] [WARNING] The resource https://ennoventure.com/7kDhnbte8YxId05armVX9sHEk.woff2 was preloaded using link preload but not used within a few seconds from the window's load event. Please make sure it has an appropriate `as` value and it is preloaded intentionally. @ https://ennoventure.com/:0
[   22247ms] [WARNING] The resource https://ennoventure.com/VFxKuywBgvsQntA1kYxP4aOsF1U.woff2 was preloaded using link preload but not used within a few seconds from the window's load event. Please make sure it has an appropriate `as` value and it is preloaded intentionally. @ https://ennoventure.com/:0
[   26422ms] [WARNING] The resource https://ennoventure.com/7kDhnbte8YxId05armVX9sHEk.woff2 was preloaded using link preload but not used within a few seconds from the window's load event. Please make sure it has an appropriate `as` value and it is preloaded intentionally. @ https://ennoventure.com/:0
[   26422ms] [WARNING] The resource https://ennoventure.com/VFxKuywBgvsQntA1kYxP4aOsF1U.woff2 was preloaded using link preload but not used within a few seconds from the window's load event. Please make sure it has an appropriate `as` value and it is preloaded intentionally. @ https://ennoventure.com/:0
[   30485ms] [WARNING] The resource https://ennoventure.com/7kDhnbte8YxId05armVX9sHEk.woff2 was preloaded using link preload but not used within a few seconds from the window's load event. Please make sure it has an appropriate `as` value and it is preloaded intentionally. @ https://ennoventure.com/:0
[   30485ms] [WARNING] The resource https://ennoventure.com/VFxKuywBgvsQntA1kYxP4aOsF1U.woff2 was preloaded using link preload but not used within a few seconds from the window's load event. Please make sure it has an appropriate `as` value and it is preloaded intentionally. @ https://ennoventure.com/:0
[   34565ms] [WARNING] The resource https://ennoventure.com/7kDhnbte8YxId05armVX9sHEk.woff2 was preloaded using link preload but not used within a few seconds from the window's load event. Please make sure it has an appropriate `as` value and it is preloaded intentionally. @ https://ennoventure.com/:0
[   34565ms] [WARNING] The resource https://ennoventure.com/VFxKuywBgvsQntA1kYxP4aOsF1U.woff2 was preloaded using link preload but not used within a few seconds from the window's load event. Please make sure it has an appropriate `as` value and it is preloaded intentionally. @ https://ennoventure.com/:0
[   38760ms] [WARNING] The resource https://ennoventure.com/7kDhnbte8YxId05armVX9sHEk.woff2 was preloaded using link preload but not used within a few seconds from the window's load event. Please make sure it has an appropriate `as` value and it is preloaded intentionally. @ https://ennoventure.com/:0
[   38761ms] [WARNING] The resource https://ennoventure.com/VFxKuywBgvsQntA1kYxP4aOsF1U.woff2 was preloaded using link preload but not used within a few seconds from the window's load event. Please make sure it has an appropriate `as` value and it is preloaded intentionally. @ https://ennoventure.com/:0
[   42893ms] [WARNING] The resource https://ennoventure.com/7kDhnbte8YxId05armVX9sHEk.woff2 was preloaded using link preload but not used within a few seconds from the window's load event. Please make sure it has an appropriate `as` value and it is preloaded intentionally. @ https://ennoventure.com/:0
[   42893ms] [WARNING] The resource https://ennoventure.com/VFxKuywBgvsQntA1kYxP4aOsF1U.woff2 was preloaded using link preload but not used within a few seconds from the window's load event. Please make sure it has an appropriate `as` value and it is preloaded intentionally. @ https://ennoventure.com/:0
[   51186ms] [WARNING] The resource https://ennoventure.com/7kDhnbte8YxId05armVX9sHEk.woff2 was preloaded using link preload but not used within a few seconds from the window's load event. Please make sure it has an appropriate `as` value and it is preloaded intentionally. @ https://ennoventure.com/:0
[   51186ms] [WARNING] The resource https://ennoventure.com/VFxKuywBgvsQntA1kYxP4aOsF1U.woff2 was preloaded using link preload but not used within a few seconds from the window's load event. Please make sure it has an appropriate `as` value and it is preloaded intentionally. @ https://ennoventure.com/:0
[   55180ms] [WARNING] The resource https://ennoventure.com/7kDhnbte8YxId05armVX9sHEk.woff2 was preloaded using link preload but not used within a few seconds from the window's load event. Please make sure it has an appropriate `as` value and it is preloaded intentionally. @ https://ennoventure.com/:0
[   55180ms] [WARNING] The resource https://ennoventure.com/VFxKuywBgvsQntA1kYxP4aOsF1U.woff2 was preloaded using link preload but not used within a few seconds from the window's load event. Please make sure it has an appropriate `as` value and it is preloaded intentionally. @ https://ennoventure.com/:0
[   59294ms] [WARNING] The resource https://ennoventure.com/7kDhnbte8YxId05armVX9sHEk.woff2 was preloaded using link preload but not used within a few seconds from the window's load event. Please make sure it has an appropriate `as` value and it is preloaded intentionally. @ https://ennoventure.com/:0
[   59294ms] [WARNING] The resource https://ennoventure.com/VFxKuywBgvsQntA1kYxP4aOsF1U.woff2 was preloaded using link preload but not used within a few seconds from the window's load event. Please make sure it has an appropriate `as` value and it is preloaded intentionally. @ https://ennoventure.com/:0
[   63290ms] [WARNING] The resource https://ennoventure.com/7kDhnbte8YxId05armVX9sHEk.woff2 was preloaded using link preload but not used within a few seconds from the window's load event. Please make sure it has an appropriate `as` value and it is preloaded intentionally. @ https://ennoventure.com/:0
[   63290ms] [WARNING] The resource https://ennoventure.com/VFxKuywBgvsQntA1kYxP4aOsF1U.woff2 was preloaded using link preload but not used within a few seconds from the window's load event. Please make sure it has an appropriate `as` value and it is preloaded intentionally. @ https://ennoventure.com/:0
[   67337ms] [WARNING] The resource https://ennoventure.com/7kDhnbte8YxId05armVX9sHEk.woff2 was preloaded using link preload but not used within a few seconds from the window's load event. Please make sure it has an appropriate `as` value and it is preloaded intentionally. @ https://ennoventure.com/:0
[   67337ms] [WARNING] The resource https://ennoventure.com/VFxKuywBgvsQntA1kYxP4aOsF1U.woff2 was preloaded using link preload but not used within a few seconds from the window's load event. Please make sure it has an appropriate `as` value and it is preloaded intentionally. @ https://ennoventure.com/:0
[   68372ms] Identifier 'SEO_OVERRIDES_URL' has already been declared
[   77000ms] Identifier 'SEO_OVERRIDES_URL' has already been declared
[   81001ms] [WARNING] The resource https://ennoventure.com/7kDhnbte8YxId05armVX9sHEk.woff2 was preloaded using link preload but not used within a few seconds from the window's load event. Please make sure it has an appropriate `as` value and it is preloaded intentionally. @ https://ennoventure.com/solutions:0
[   81001ms] [WARNING] The resource https://ennoventure.com/VFxKuywBgvsQntA1kYxP4aOsF1U.woff2 was preloaded using link preload but not used within a few seconds from the window's load event. Please make sure it has an appropriate `as` value and it is preloaded intentionally. @ https://ennoventure.com/solutions:0
[   85900ms] [WARNING] The resource https://ennoventure.com/7kDhnbte8YxId05armVX9sHEk.woff2 was preloaded using link preload but not used within a few seconds from the window's load event. Please make sure it has an appropriate `as` value and it is preloaded intentionally. @ https://ennoventure.com/solutions:0
[   85900ms] [WARNING] The resource https://ennoventure.com/VFxKuywBgvsQntA1kYxP4aOsF1U.woff2 was preloaded using link preload but not used within a few seconds from the window's load event. Please make sure it has an appropriate `as` value and it is preloaded intentionally. @ https://ennoventure.com/solutions:0
[   91075ms] Identifier 'SEO_OVERRIDES_URL' has already been declared
[   94485ms] [WARNING] The resource https://ennoventure.com/7kDhnbte8YxId05armVX9sHEk.woff2 was preloaded using link preload but not used within a few seconds from the window's load event. Please make sure it has an appropriate `as` value and it is preloaded intentionally. @ https://ennoventure.com/resources:0
[   94485ms] [WARNING] The resource https://ennoventure.com/VFxKuywBgvsQntA1kYxP4aOsF1U.woff2 was preloaded using link preload but not used within a few seconds from the window's load event. Please make sure it has an appropriate `as` value and it is preloaded intentionally. @ https://ennoventure.com/resources:0
[   99433ms] Identifier 'SEO_OVERRIDES_URL' has already been declared
[  103312ms] [WARNING] The resource https://ennoventure.com/7kDhnbte8YxId05armVX9sHEk.woff2 was preloaded using link preload but not used within a few seconds from the window's load event. Please make sure it has an appropriate `as` value and it is preloaded intentionally. @ https://ennoventure.com/about:0
[  103312ms] [WARNING] The resource https://ennoventure.com/VFxKuywBgvsQntA1kYxP4aOsF1U.woff2 was preloaded using link preload but not used within a few seconds from the window's load event. Please make sure it has an appropriate `as` value and it is preloaded intentionally. @ https://ennoventure.com/about:0
[  108322ms] [WARNING] The resource https://ennoventure.com/7kDhnbte8YxId05armVX9sHEk.woff2 was preloaded using link preload but not used within a few seconds from the window's load event. Please make sure it has an appropriate `as` value and it is preloaded intentionally. @ https://ennoventure.com/about:0
[  108323ms] [WARNING] The resource https://ennoventure.com/VFxKuywBgvsQntA1kYxP4aOsF1U.woff2 was preloaded using link preload but not used within a few seconds from the window's load event. Please make sure it has an appropriate `as` value and it is preloaded intentionally. @ https://ennoventure.com/about:0
[  112570ms] [ERROR] Permissions policy violation: Geolocation access has been blocked because of a permissions policy applied to the current document. See https://crbug.com/414348233 for more details. @ https://static.zohocdn.com/forms/js/formslive.efb475217aed1c408d07e3bd499b6c9e.js:0
[  117013ms] [WARNING] The resource https://ennoventure.com/7kDhnbte8YxId05armVX9sHEk.woff2 was preloaded using link preload but not used within a few seconds from the window's load event. Please make sure it has an appropriate `as` value and it is preloaded intentionally. @ https://ennoventure.com/about:0
[  117013ms] [WARNING] The resource https://ennoventure.com/VFxKuywBgvsQntA1kYxP4aOsF1U.woff2 was preloaded using link preload but not used within a few seconds from the window's load event. Please make sure it has an appropriate `as` value and it is preloaded intentionally. @ https://ennoventure.com/about:0
