[     156ms] [ERROR] Failed to load resource: the server responded with a status of 404 () @ https://ennoventure.com/VFxKuywBgvsQntA1kYxP4aOsF1U.woff2:0
[     185ms] [ERROR] Failed to load resource: the server responded with a status of 404 () @ https://ennoventure.com/7kDhnbte8YxId05armVX9sHEk.woff2:0
[    1474ms] [ERROR] Access to script at 'https://www.googletagmanager.com/gtm.js?id=%20GTM-PHFZGL6R' from origin 'https://ennoventure.com' has been blocked by CORS policy: No 'Access-Control-Allow-Origin' header is present on the requested resource. @ https://ennoventure.com/:0
[    1474ms] [ERROR] Failed to load resource: net::ERR_FAILED @ https://www.googletagmanager.com/gtm.js?id=%20GTM-PHFZGL6R:0
[    5058ms] [LOG] [Framer On-Page Editing] Unavailable because not on a `framer.app` subdomain and access status is no-auth @ https://app.framerstatic.com/editorbar.HHDGFXLR.mjs:0
[   10313ms] [WARNING] The resource https://ennoventure.com/7kDhnbte8YxId05armVX9sHEk.woff2 was preloaded using link preload but not used within a few seconds from the window's load event. Please make sure it has an appropriate `as` value and it is preloaded intentionally. @ https://ennoventure.com/:0
[   10314ms] [WARNING] The resource https://ennoventure.com/VFxKuywBgvsQntA1kYxP4aOsF1U.woff2 was preloaded using link preload but not used within a few seconds from the window's load event. Please make sure it has an appropriate `as` value and it is preloaded intentionally. @ https://ennoventure.com/:0
[   13696ms] [WARNING] The resource https://ennoventure.com/7kDhnbte8YxId05armVX9sHEk.woff2 was preloaded using link preload but not used within a few seconds from the window's load event. Please make sure it has an appropriate `as` value and it is preloaded intentionally. @ https://ennoventure.com/:0
[   13697ms] [WARNING] The resource https://ennoventure.com/VFxKuywBgvsQntA1kYxP4aOsF1U.woff2 was preloaded using link preload but not used within a few seconds from the window's load event. Please make sure it has an appropriate `as` value and it is preloaded intentionally. @ https://ennoventure.com/:0
[   17874ms] [WARNING] The resource https://ennoventure.com/7kDhnbte8YxId05armVX9sHEk.woff2 was preloaded using link preload but not used within a few seconds from the window's load event. Please make sure it has an appropriate `as` value and it is preloaded intentionally. @ https://ennoventure.com/:0
[   17874ms] [WARNING] The resource https://ennoventure.com/VFxKuywBgvsQntA1kYxP4aOsF1U.woff2 was preloaded using link preload but not used within a few seconds from the window's load event. Please make sure it has an appropriate `as` value and it is preloaded intentionally. @ https://ennoventure.com/:0
[   21920ms] [WARNING] The resource https://ennoventure.com/7kDhnbte8YxId05armVX9sHEk.woff2 was preloaded using link preload but not used within a few seconds from the window's load event. Please make sure it has an appropriate `as` value and it is preloaded intentionally. @ https://ennoventure.com/:0
[   21920ms] [WARNING] The resource https://ennoventure.com/VFxKuywBgvsQntA1kYxP4aOsF1U.woff2 was preloaded using link preload but not used within a few seconds from the window's load event. Please make sure it has an appropriate `as` value and it is preloaded intentionally. @ https://ennoventure.com/:0
[   26002ms] [WARNING] The resource https://ennoventure.com/7kDhnbte8YxId05armVX9sHEk.woff2 was preloaded using link preload but not used within a few seconds from the window's load event. Please make sure it has an appropriate `as` value and it is preloaded intentionally. @ https://ennoventure.com/:0
[   26002ms] [WARNING] The resource https://ennoventure.com/VFxKuywBgvsQntA1kYxP4aOsF1U.woff2 was preloaded using link preload but not used within a few seconds from the window's load event. Please make sure it has an appropriate `as` value and it is preloaded intentionally. @ https://ennoventure.com/:0
[   30163ms] [WARNING] The resource https://ennoventure.com/7kDhnbte8YxId05armVX9sHEk.woff2 was preloaded using link preload but not used within a few seconds from the window's load event. Please make sure it has an appropriate `as` value and it is preloaded intentionally. @ https://ennoventure.com/:0
[   30163ms] [WARNING] The resource https://ennoventure.com/VFxKuywBgvsQntA1kYxP4aOsF1U.woff2 was preloaded using link preload but not used within a few seconds from the window's load event. Please make sure it has an appropriate `as` value and it is preloaded intentionally. @ https://ennoventure.com/:0
[   34247ms] [WARNING] The resource https://ennoventure.com/7kDhnbte8YxId05armVX9sHEk.woff2 was preloaded using link preload but not used within a few seconds from the window's load event. Please make sure it has an appropriate `as` value and it is preloaded intentionally. @ https://ennoventure.com/:0
[   34247ms] [WARNING] The resource https://ennoventure.com/VFxKuywBgvsQntA1kYxP4aOsF1U.woff2 was preloaded using link preload but not used within a few seconds from the window's load event. Please make sure it has an appropriate `as` value and it is preloaded intentionally. @ https://ennoventure.com/:0
[   38302ms] [WARNING] The resource https://ennoventure.com/7kDhnbte8YxId05armVX9sHEk.woff2 was preloaded using link preload but not used within a few seconds from the window's load event. Please make sure it has an appropriate `as` value and it is preloaded intentionally. @ https://ennoventure.com/:0
[   38302ms] [WARNING] The resource https://ennoventure.com/VFxKuywBgvsQntA1kYxP4aOsF1U.woff2 was preloaded using link preload but not used within a few seconds from the window's load event. Please make sure it has an appropriate `as` value and it is preloaded intentionally. @ https://ennoventure.com/:0
[   42302ms] [WARNING] The resource https://ennoventure.com/7kDhnbte8YxId05armVX9sHEk.woff2 was preloaded using link preload but not used within a few seconds from the window's load event. Please make sure it has an appropriate `as` value and it is preloaded intentionally. @ https://ennoventure.com/:0
[   42302ms] [WARNING] The resource https://ennoventure.com/VFxKuywBgvsQntA1kYxP4aOsF1U.woff2 was preloaded using link preload but not used within a few seconds from the window's load event. Please make sure it has an appropriate `as` value and it is preloaded intentionally. @ https://ennoventure.com/:0
[   46327ms] [WARNING] The resource https://ennoventure.com/7kDhnbte8YxId05armVX9sHEk.woff2 was preloaded using link preload but not used within a few seconds from the window's load event. Please make sure it has an appropriate `as` value and it is preloaded intentionally. @ https://ennoventure.com/:0
[   46327ms] [WARNING] The resource https://ennoventure.com/VFxKuywBgvsQntA1kYxP4aOsF1U.woff2 was preloaded using link preload but not used within a few seconds from the window's load event. Please make sure it has an appropriate `as` value and it is preloaded intentionally. @ https://ennoventure.com/:0
[   50331ms] [WARNING] The resource https://ennoventure.com/7kDhnbte8YxId05armVX9sHEk.woff2 was preloaded using link preload but not used within a few seconds from the window's load event. Please make sure it has an appropriate `as` value and it is preloaded intentionally. @ https://ennoventure.com/:0
[   50331ms] [WARNING] The resource https://ennoventure.com/VFxKuywBgvsQntA1kYxP4aOsF1U.woff2 was preloaded using link preload but not used within a few seconds from the window's load event. Please make sure it has an appropriate `as` value and it is preloaded intentionally. @ https://ennoventure.com/:0
[   54341ms] [WARNING] The resource https://ennoventure.com/7kDhnbte8YxId05armVX9sHEk.woff2 was preloaded using link preload but not used within a few seconds from the window's load event. Please make sure it has an appropriate `as` value and it is preloaded intentionally. @ https://ennoventure.com/:0
[   54341ms] [WARNING] The resource https://ennoventure.com/VFxKuywBgvsQntA1kYxP4aOsF1U.woff2 was preloaded using link preload but not used within a few seconds from the window's load event. Please make sure it has an appropriate `as` value and it is preloaded intentionally. @ https://ennoventure.com/:0
[   58343ms] [WARNING] The resource https://ennoventure.com/7kDhnbte8YxId05armVX9sHEk.woff2 was preloaded using link preload but not used within a few seconds from the window's load event. Please make sure it has an appropriate `as` value and it is preloaded intentionally. @ https://ennoventure.com/:0
[   58343ms] [WARNING] The resource https://ennoventure.com/VFxKuywBgvsQntA1kYxP4aOsF1U.woff2 was preloaded using link preload but not used within a few seconds from the window's load event. Please make sure it has an appropriate `as` value and it is preloaded intentionally. @ https://ennoventure.com/:0
[   62345ms] [WARNING] The resource https://ennoventure.com/7kDhnbte8YxId05armVX9sHEk.woff2 was preloaded using link preload but not used within a few seconds from the window's load event. Please make sure it has an appropriate `as` value and it is preloaded intentionally. @ https://ennoventure.com/:0
[   62345ms] [WARNING] The resource https://ennoventure.com/VFxKuywBgvsQntA1kYxP4aOsF1U.woff2 was preloaded using link preload but not used within a few seconds from the window's load event. Please make sure it has an appropriate `as` value and it is preloaded intentionally. @ https://ennoventure.com/:0
[   66348ms] [WARNING] The resource https://ennoventure.com/7kDhnbte8YxId05armVX9sHEk.woff2 was preloaded using link preload but not used within a few seconds from the window's load event. Please make sure it has an appropriate `as` value and it is preloaded intentionally. @ https://ennoventure.com/:0
[   66348ms] [WARNING] The resource https://ennoventure.com/VFxKuywBgvsQntA1kYxP4aOsF1U.woff2 was preloaded using link preload but not used within a few seconds from the window's load event. Please make sure it has an appropriate `as` value and it is preloaded intentionally. @ https://ennoventure.com/:0
