[      88ms] [ERROR] The Content Security Policy directive 'frame-ancestors' is ignored when delivered via a <meta> element. @ https://ennoventure.com/contact:33
[      88ms] [ERROR] X-Frame-Options may only be set via an HTTP header sent along with a document. It may not be set inside <meta>. @ https://ennoventure.com/contact:34
[      88ms] [ERROR] The Content Security Policy directive 'frame-ancestors' is ignored when delivered via a <meta> element. @ https://ennoventure.com/contact:35
[      88ms] [ERROR] X-Frame-Options may only be set via an HTTP header sent along with a document. It may not be set inside <meta>. @ https://ennoventure.com/contact:36
[     100ms] [ERROR] The Content Security Policy directive 'frame-ancestors' is ignored when delivered via a <meta> element. @ about:blank:0
[     100ms] [ERROR] The Content Security Policy directive 'frame-ancestors' is ignored when delivered via a <meta> element. @ about:blank:0
[     101ms] [ERROR] The Content Security Policy directive 'frame-ancestors' is ignored when delivered via a <meta> element. @ about:blank:0
[     101ms] [ERROR] The Content Security Policy directive 'frame-ancestors' is ignored when delivered via a <meta> element. @ about:blank:0
[     103ms] [ERROR] The Content Security Policy directive 'frame-ancestors' is ignored when delivered via a <meta> element. @ about:blank:0
[     103ms] [ERROR] The Content Security Policy directive 'frame-ancestors' is ignored when delivered via a <meta> element. @ about:blank:0
[     141ms] [ERROR] Failed to load resource: the server responded with a status of 404 () @ https://ennoventure.com/7kDhnbte8YxId05armVX9sHEk.woff2:0
[     141ms] [ERROR] Failed to load resource: the server responded with a status of 404 () @ https://ennoventure.com/VFxKuywBgvsQntA1kYxP4aOsF1U.woff2:0
[     377ms] [ERROR] Access to script at 'https://www.googletagmanager.com/gtm.js?id=%20GTM-PHFZGL6R' from origin 'https://ennoventure.com' has been blocked by CORS policy: No 'Access-Control-Allow-Origin' header is present on the requested resource. @ https://ennoventure.com/contact:0
[     377ms] [ERROR] Failed to load resource: net::ERR_FAILED @ https://www.googletagmanager.com/gtm.js?id=%20GTM-PHFZGL6R:0
[    1538ms] [ERROR] Connecting to 'wss://vts.zohopublic.com/watchws?x-e=ennoventuretechnologiespvt&x-s=ennoventuretechnologiespvt&resolution=1280x720&lang_embed=en&con_id=1778212963875&connection_count=9&_zldp=qbyy%252BnTvqy5ollbkUBRaVSsqgDvyqRhTcxa9l9nU4j769lcn9NzPwML4RKz%252B%252BOKNodoRkLyJC2Y%253D&_zldt=0062348c-f001-4248-a659-dfa832ea96f3-1&localtime=GMT%2B0530+%28India+Standard+Time%29&gmttime=GMT%2B0530&x-sid=6Og8y8R3hZBxQPpUpv1Sq1rEKFrw28ZFnLK6QUQ0l2QHExC9e7vkusHB48gFj3g12qUz0ALqrVKiFhqRuZPFOMvtOV5ydvzC&cpage=https%3A%2F%2Fennoventure.com%2Fcontact&ptitle=Contact+Us+%7C+Ennoventure&referer=&lsid=652419000000002056' violates the following Content Security Policy directive: "default-src 'self' https: data: 'unsafe-inline' 'unsafe-eval'". Note that 'connect-src' was not explicitly set, so 'default-src' is used as a fallback. The action has been blocked. @ https://js.zohocdn.com/salesiq/RESOURCE_BUNDLES/embedfloat/js/float~modern.RuTYxPhrCuy9Q0mLhNwT-XjHy9h--4LD4m1rdkTZqw4ejVEnuH-ZQMwGfsP7L08t.js:0
[    1538ms] [ERROR] Connecting to 'wss://vts.zohopublic.com/watchws?x-e=ennoventuretechnologiespvt&x-s=ennoventuretechnologiespvt&resolution=1280x720&lang_embed=en&con_id=1778212963875&connection_count=9&_zldp=qbyy%252BnTvqy5ollbkUBRaVSsqgDvyqRhTcxa9l9nU4j769lcn9NzPwML4RKz%252B%252BOKNodoRkLyJC2Y%253D&_zldt=0062348c-f001-4248-a659-dfa832ea96f3-1&localtime=GMT%2B0530+%28India+Standard+Time%29&gmttime=GMT%2B0530&x-sid=6Og8y8R3hZBxQPpUpv1Sq1rEKFrw28ZFnLK6QUQ0l2QHExC9e7vkusHB48gFj3g12qUz0ALqrVKiFhqRuZPFOMvtOV5ydvzC&cpage=https%3A%2F%2Fennoventure.com%2Fcontact&ptitle=Contact+Us+%7C+Ennoventure&referer=&lsid=652419000000002056' violates the following Content Security Policy directive: "default-src 'self' https: data: 'unsafe-inline' 'unsafe-eval'". Note that 'connect-src' was not explicitly set, so 'default-src' is used as a fallback. The action has been blocked. @ https://js.zohocdn.com/salesiq/RESOURCE_BUNDLES/embedfloat/js/float~modern.RuTYxPhrCuy9Q0mLhNwT-XjHy9h--4LD4m1rdkTZqw4ejVEnuH-ZQMwGfsP7L08t.js:0
[    1642ms] [ERROR] The Content Security Policy directive 'frame-ancestors' is ignored when delivered via a <meta> element. @ https://framerusercontent.com/sites/5TgY3hRkCg7usfWjlC4vPM/react.T_O8zztx.mjs:7
[    1643ms] [ERROR] The Content Security Policy directive 'frame-ancestors' is ignored when delivered via a <meta> element. @ https://framerusercontent.com/sites/5TgY3hRkCg7usfWjlC4vPM/react.T_O8zztx.mjs:7
[    2250ms] [LOG] [Framer On-Page Editing] Unavailable because not on a `framer.app` subdomain and access status is no-auth @ https://app.framerstatic.com/editorbar.HHDGFXLR.mjs:0
[    5255ms] [WARNING] The resource https://ennoventure.com/7kDhnbte8YxId05armVX9sHEk.woff2 was preloaded using link preload but not used within a few seconds from the window's load event. Please make sure it has an appropriate `as` value and it is preloaded intentionally. @ https://ennoventure.com/contact:0
[    5256ms] [WARNING] The resource https://ennoventure.com/VFxKuywBgvsQntA1kYxP4aOsF1U.woff2 was preloaded using link preload but not used within a few seconds from the window's load event. Please make sure it has an appropriate `as` value and it is preloaded intentionally. @ https://ennoventure.com/contact:0
[    8499ms] [WARNING] The resource https://ennoventure.com/7kDhnbte8YxId05armVX9sHEk.woff2 was preloaded using link preload but not used within a few seconds from the window's load event. Please make sure it has an appropriate `as` value and it is preloaded intentionally. @ https://ennoventure.com/contact:0
[    8500ms] [WARNING] The resource https://ennoventure.com/VFxKuywBgvsQntA1kYxP4aOsF1U.woff2 was preloaded using link preload but not used within a few seconds from the window's load event. Please make sure it has an appropriate `as` value and it is preloaded intentionally. @ https://ennoventure.com/contact:0
